2025-04-11 12:35:00 | WARN | repo=tictactoe | action=commit
2025-03-27 14:45:00 | INFO | repo=tictactoe | action=commit
2025-05-10 21:44:00 | WARN | repo=tictactoe | action=test | passed=true
2025-09-15 21:09:00 | INFO | repo=tictactoe | action=edit | files=5
2025-01-06 16:08:00 | WARN | repo=tictactoe | action=pull
2025-01-11 08:11:00 | WARN | repo=tictactoe | action=edit | files=3
2025-12-22 07:23:00 | INFO | repo=tictactoe | action=commit
2025-08-13 16:06:00 | INFO | repo=tictactoe | action=edit | files=3
2025-10-01 08:13:00 | INFO | repo=tictactoe | action=commit
2025-08-06 15:21:00 | INFO | repo=tictactoe | action=pull
2025-07-09 11:52:00 | DEBUG | repo=tictactoe | action=commit
2025-11-21 17:28:00 | WARN | repo=tictactoe | action=edit | files=1
2025-10-03 07:01:00 | WARN | repo=tictactoe | action=pull
2025-12-07 07:42:00 | INFO | repo=tictactoe | action=commit
2025-05-14 13:05:00 | WARN | repo=tictactoe | action=commit
2025-10-13 21:00:00 | DEBUG | repo=tictactoe | action=commit
2025-03-05 18:04:00 | DEBUG | repo=tictactoe | action=test | passed=true
2025-11-28 15:27:00 | WARN | repo=tictactoe | action=edit | files=2
2025-12-28 13:08:00 | WARN | repo=tictactoe | action=edit | files=2
2025-04-07 20:51:00 | DEBUG | repo=tictactoe | action=commit
2025-05-24 19:58:00 | DEBUG | repo=tictactoe | action=commit
2025-08-02 08:49:00 | INFO | repo=tictactoe | action=commit
2025-05-13 18:56:00 | WARN | repo=tictactoe | action=test | passed=true
2025-01-06 21:31:00 | WARN | repo=tictactoe | action=test | passed=true
2025-03-15 08:18:00 | INFO | repo=tictactoe | action=commit
2025-10-17 12:37:00 | DEBUG | repo=tictactoe | action=commit
2025-03-26 20:18:00 | DEBUG | repo=tictactoe | action=edit | files=1
2025-09-03 12:48:00 | DEBUG | repo=tictactoe | action=commit
2025-11-27 08:25:00 | DEBUG | repo=tictactoe | action=pull
2025-03-08 19:57:00 | INFO | repo=tictactoe | action=test | passed=true
2025-11-02 08:18:00 | DEBUG | repo=tictactoe | action=test | passed=true
2025-01-24 21:44:00 | INFO | repo=tictactoe | action=test | passed=true
2025-03-18 16:13:00 | WARN | repo=tictactoe | action=commit
2025-01-25 16:21:00 | INFO | repo=tictactoe | action=pull
2025-04-28 15:00:00 | INFO | repo=tictactoe | action=edit | files=2
2025-05-09 18:34:00 | WARN | repo=tictactoe | action=edit | files=5
2025-05-27 10:22:00 | WARN | repo=tictactoe | action=commit
2025-12-01 16:30:00 | WARN | repo=tictactoe | action=pull
2025-03-27 21:52:00 | DEBUG | repo=tictactoe | action=pull
2025-06-04 12:43:00 | WARN | repo=tictactoe | action=commit
2025-01-22 08:24:00 | DEBUG | repo=tictactoe | action=edit | files=5
2025-08-03 19:29:00 | INFO | repo=tictactoe | action=commit
2025-08-16 07:57:00 | WARN | repo=tictactoe | action=test | passed=true
2025-10-05 07:11:00 | INFO | repo=tictactoe | action=pull
2025-02-03 19:01:00 | WARN | repo=tictactoe | action=test | passed=true
2025-11-12 15:58:00 | INFO | repo=tictactoe | action=commit
2025-12-01 11:38:00 | DEBUG | repo=tictactoe | action=edit | files=2
2025-11-04 16:46:00 | WARN | repo=tictactoe | action=commit
2025-08-20 07:03:00 | DEBUG | repo=tictactoe | action=edit | files=2
2025-02-25 10:36:00 | DEBUG | repo=tictactoe | action=commit
2025-02-24 13:35:00 | WARN | repo=tictactoe | action=edit | files=3
2025-11-08 18:28:00 | WARN | repo=tictactoe | action=pull
2025-06-02 18:09:00 | DEBUG | repo=tictactoe | action=edit | files=4
2025-12-15 17:12:00 | DEBUG | repo=tictactoe | action=commit
2025-11-09 21:29:00 | WARN | repo=tictactoe | action=edit | files=2
2025-05-16 14:01:00 | WARN | repo=tictactoe | action=pull
2025-01-17 21:36:00 | WARN | repo=tictactoe | action=pull
2025-05-25 10:37:00 | INFO | repo=tictactoe | action=pull
2025-11-05 07:27:00 | INFO | repo=tictactoe | action=commit
2025-01-10 12:46:00 | DEBUG | repo=tictactoe | action=commit
2025-11-18 16:27:00 | DEBUG | repo=tictactoe | action=pull
2025-05-16 07:20:00 | WARN | repo=tictactoe | action=test | passed=true
2025-04-07 18:28:00 | DEBUG | repo=tictactoe | action=commit
2025-01-23 17:30:00 | DEBUG | repo=tictactoe | action=commit
2025-01-06 12:36:00 | WARN | repo=tictactoe | action=test | passed=true
2025-07-07 17:55:00 | WARN | repo=tictactoe | action=commit
2025-04-09 18:37:00 | DEBUG | repo=tictactoe | action=test | passed=true
2025-04-24 20:59:00 | INFO | repo=tictactoe | action=commit
2025-12-09 08:43:00 | DEBUG | repo=tictactoe | action=commit
2025-06-06 19:20:00 | DEBUG | repo=tictactoe | action=pull
2025-08-23 08:28:00 | WARN | repo=tictactoe | action=commit
2025-10-08 12:51:00 | WARN | repo=tictactoe | action=pull
2025-04-05 11:03:00 | WARN | repo=tictactoe | action=pull
2025-05-26 14:47:00 | INFO | repo=tictactoe | action=commit
2025-04-02 17:31:00 | DEBUG | repo=tictactoe | action=edit | files=3
2025-01-03 14:15:00 | DEBUG | repo=tictactoe | action=test | passed=true
2025-07-13 10:23:00 | INFO | repo=tictactoe | action=commit
2025-06-27 17:58:00 | INFO | repo=tictactoe | action=commit
2025-05-07 21:04:00 | INFO | repo=tictactoe | action=commit
2025-02-19 18:38:00 | DEBUG | repo=tictactoe | action=commit
2025-02-26 07:30:00 | WARN | repo=tictactoe | action=edit | files=2
2025-01-10 10:58:00 | WARN | repo=tictactoe | action=commit
2025-10-19 10:25:00 | INFO | repo=tictactoe | action=pull
2025-08-19 15:56:00 | INFO | repo=tictactoe | action=pull
2025-12-19 07:04:00 | DEBUG | repo=tictactoe | action=edit | files=2
2025-03-24 15:16:00 | WARN | repo=tictactoe | action=commit
2025-12-06 21:29:00 | DEBUG | repo=tictactoe | action=commit
2025-03-06 18:00:00 | DEBUG | repo=tictactoe | action=edit | files=3
2025-05-10 20:00:00 | DEBUG | repo=tictactoe | action=commit
2025-11-25 16:30:00 | INFO | repo=tictactoe | action=edit | files=3
2025-11-19 19:20:00 | DEBUG | repo=tictactoe | action=commit
2025-05-19 11:51:00 | WARN | repo=tictactoe | action=pull
2025-08-26 13:31:00 | INFO | repo=tictactoe | action=test | passed=true
2025-07-21 16:51:00 | INFO | repo=tictactoe | action=test | passed=true
2025-06-20 21:32:00 | WARN | repo=tictactoe | action=commit
2025-12-23 18:34:00 | WARN | repo=tictactoe | action=pull
2025-06-04 17:21:00 | WARN | repo=tictactoe | action=edit | files=4
2025-05-06 11:13:00 | INFO | repo=tictactoe | action=edit | files=2
2025-09-04 12:14:00 | INFO | repo=tictactoe | action=commit
2025-07-23 14:31:00 | DEBUG | repo=tictactoe | action=commit
2025-11-16 11:26:00 | WARN | repo=tictactoe | action=commit
2025-04-13 15:02:00 | WARN | repo=tictactoe | action=test | passed=true
2025-05-16 12:30:00 | WARN | repo=tictactoe | action=pull
2025-03-14 15:12:00 | INFO | repo=tictactoe | action=edit | files=3
2025-09-23 19:56:00 | WARN | repo=tictactoe | action=commit
2025-02-08 20:03:00 | WARN | repo=tictactoe | action=edit | files=1
2025-10-04 18:39:00 | INFO | repo=tictactoe | action=edit | files=5
2025-05-25 20:12:00 | WARN | repo=tictactoe | action=test | passed=true
2025-12-24 20:46:00 | INFO | repo=tictactoe | action=pull
2025-12-09 10:04:00 | DEBUG | repo=tictactoe | action=commit
2025-01-12 20:19:00 | DEBUG | repo=tictactoe | action=pull
2025-06-14 21:45:00 | WARN | repo=tictactoe | action=pull
2025-01-22 13:07:00 | DEBUG | repo=tictactoe | action=commit
